<?xml version="1.0" encoding="UTF-8" ?>
<testsuite tests="3" failures="0" name="com.karn.AppTest" time="0.182" errors="0" skipped="0">
  <properties>
    <property name="java.runtime.name" value="OpenJDK Runtime Environment"/>
    <property name="sun.boot.library.path" value="C:\Program Files\Java\zulu8.44.0.11-ca-jdk8.0.242-win_x64\zulu8.44.0.11-ca-jdk8.0.242-win_x64\jre\bin"/>
    <property name="java.vm.version" value="25.242-b20"/>
    <property name="java.vm.vendor" value="Azul Systems, Inc."/>
    <property name="maven.multiModuleProjectDirectory" value="E:\Ashish\workspace\chess-puzzle"/>
    <property name="java.vendor.url" value="http://www.azulsystems.com/"/>
    <property name="path.separator" value=";"/>
    <property name="guice.disable.misplaced.annotation.check" value="true"/>
    <property name="java.vm.name" value="OpenJDK 64-Bit Server VM"/>
    <property name="file.encoding.pkg" value="sun.io"/>
    <property name="user.script" value=""/>
    <property name="user.country" value="US"/>
    <property name="sun.java.launcher" value="SUN_STANDARD"/>
    <property name="sun.os.patch.level" value=""/>
    <property name="java.vm.specification.name" value="Java Virtual Machine Specification"/>
    <property name="user.dir" value="E:\Ashish\workspace\chess-puzzle"/>
    <property name="java.runtime.version" value="1.8.0_242-b20"/>
    <property name="java.awt.graphicsenv" value="sun.awt.Win32GraphicsEnvironment"/>
    <property name="java.endorsed.dirs" value="C:\Program Files\Java\zulu8.44.0.11-ca-jdk8.0.242-win_x64\zulu8.44.0.11-ca-jdk8.0.242-win_x64\jre\lib\endorsed"/>
    <property name="os.arch" value="amd64"/>
    <property name="java.io.tmpdir" value="C:\Users\Anindo\AppData\Local\Temp\"/>
    <property name="line.separator" value="
"/>
    <property name="java.vm.specification.vendor" value="Oracle Corporation"/>
    <property name="user.variant" value=""/>
    <property name="os.name" value="Windows 10"/>
    <property name="maven.ext.class.path" value="E:\Ashish\Softwares\ideaIC-2020.1.2.win\plugins\maven\lib\maven-event-listener.jar"/>
    <property name="classworlds.conf" value="E:\Ashish\Softwares\ideaIC-2020.1.2.win\plugins\maven\lib\maven3\bin\m2.conf"/>
    <property name="sun.jnu.encoding" value="Cp1252"/>
    <property name="java.library.path" value="C:\Program Files\Java\zulu8.44.0.11-ca-jdk8.0.242-win_x64\zulu8.44.0.11-ca-jdk8.0.242-win_x64\bin;C:\WINDOWS\Sun\Java\bin;C:\WINDOWS\system32;C:\WINDOWS;C:\ProgramData\Oracle\Java\javapath;C:\WINDOWS\system32;C:\WINDOWS;C:\WINDOWS\System32\Wbem;C:\WINDOWS\System32\WindowsPowerShell\v1.0\;C:\Program Files (x86)\Skype\Phone\;C:\WINDOWS\System32\OpenSSH\;C:\Program Files\Java\zulu8.44.0.11-ca-jdk8.0.242-win_x64\zulu8.44.0.11-ca-jdk8.0.242-win_x64\bin;C:\Program Files\PuTTY\;C:\Program Files\Git\cmd;E:\Ashish\Softwares\ideaIC-2020.1.2.win\plugins\maven\lib\maven3\bin;C:\Users\Anindo\AppData\Local\Microsoft\WindowsApps;;."/>
    <property name="maven.conf" value="E:\Ashish\Softwares\ideaIC-2020.1.2.win\plugins\maven\lib\maven3/conf"/>
    <property name="java.specification.name" value="Java Platform API Specification"/>
    <property name="java.class.version" value="52.0"/>
    <property name="sun.management.compiler" value="HotSpot 64-Bit Tiered Compilers"/>
    <property name="os.version" value="10.0"/>
    <property name="user.home" value="C:\Users\Anindo"/>
    <property name="user.timezone" value="Asia/Calcutta"/>
    <property name="java.awt.printerjob" value="sun.awt.windows.WPrinterJob"/>
    <property name="java.specification.version" value="1.8"/>
    <property name="file.encoding" value="UTF-8"/>
    <property name="user.name" value="Anindo"/>
    <property name="java.class.path" value="E:\Ashish\Softwares\ideaIC-2020.1.2.win\plugins\maven\lib\maven3\boot\plexus-classworlds-2.6.0.jar;E:\Ashish\Softwares\ideaIC-2020.1.2.win\plugins\maven\lib\maven3\boot\plexus-classworlds.license;E:\Ashish\Softwares\ideaIC-2020.1.2.win\lib\idea_rt.jar"/>
    <property name="java.vm.specification.version" value="1.8"/>
    <property name="sun.arch.data.model" value="64"/>
    <property name="java.home" value="C:\Program Files\Java\zulu8.44.0.11-ca-jdk8.0.242-win_x64\zulu8.44.0.11-ca-jdk8.0.242-win_x64\jre"/>
    <property name="sun.java.command" value="org.codehaus.classworlds.Launcher -Didea.version2020.1.4 clean install"/>
    <property name="idea.version2020.1.4" value="true"/>
    <property name="java.specification.vendor" value="Oracle Corporation"/>
    <property name="user.language" value="en"/>
    <property name="awt.toolkit" value="sun.awt.windows.WToolkit"/>
    <property name="java.vm.info" value="mixed mode"/>
    <property name="java.version" value="1.8.0_242"/>
    <property name="java.ext.dirs" value="C:\Program Files\Java\zulu8.44.0.11-ca-jdk8.0.242-win_x64\zulu8.44.0.11-ca-jdk8.0.242-win_x64\jre\lib\ext;C:\WINDOWS\Sun\Java\lib\ext"/>
    <property name="sun.boot.class.path" value="C:\Program Files\Java\zulu8.44.0.11-ca-jdk8.0.242-win_x64\zulu8.44.0.11-ca-jdk8.0.242-win_x64\jre\lib\resources.jar;C:\Program Files\Java\zulu8.44.0.11-ca-jdk8.0.242-win_x64\zulu8.44.0.11-ca-jdk8.0.242-win_x64\jre\lib\rt.jar;C:\Program Files\Java\zulu8.44.0.11-ca-jdk8.0.242-win_x64\zulu8.44.0.11-ca-jdk8.0.242-win_x64\jre\lib\sunrsasign.jar;C:\Program Files\Java\zulu8.44.0.11-ca-jdk8.0.242-win_x64\zulu8.44.0.11-ca-jdk8.0.242-win_x64\jre\lib\jsse.jar;C:\Program Files\Java\zulu8.44.0.11-ca-jdk8.0.242-win_x64\zulu8.44.0.11-ca-jdk8.0.242-win_x64\jre\lib\jce.jar;C:\Program Files\Java\zulu8.44.0.11-ca-jdk8.0.242-win_x64\zulu8.44.0.11-ca-jdk8.0.242-win_x64\jre\lib\charsets.jar;C:\Program Files\Java\zulu8.44.0.11-ca-jdk8.0.242-win_x64\zulu8.44.0.11-ca-jdk8.0.242-win_x64\jre\lib\jfr.jar;C:\Program Files\Java\zulu8.44.0.11-ca-jdk8.0.242-win_x64\zulu8.44.0.11-ca-jdk8.0.242-win_x64\jre\classes"/>
    <property name="java.vendor" value="Azul Systems, Inc."/>
    <property name="maven.home" value="E:\Ashish\Softwares\ideaIC-2020.1.2.win\plugins\maven\lib\maven3"/>
    <property name="file.separator" value="\"/>
    <property name="java.vendor.url.bug" value="http://www.azulsystems.com/support/"/>
    <property name="sun.cpu.endian" value="little"/>
    <property name="sun.io.unicode.encoding" value="UnicodeLittle"/>
    <property name="sun.desktop" value="windows"/>
    <property name="sun.cpu.isalist" value="amd64"/>
  </properties>
  <testcase classname="com.karn.AppTest" name="testMainWithInvalidPieceData" time="0.062"/>
  <testcase classname="com.karn.AppTest" name="testMainWithInvalidPlaceData" time="0"/>
  <testcase classname="com.karn.AppTest" name="testMainWithValidData" time="0.12"/>
</testsuite>